<?xml version="1.0" encoding="UTF-8"?>
<testsuite name="edu.bs.cs.FormatterTest" tests="9" skipped="0" failures="0" errors="0" timestamp="2024-04-21T22:05:17" hostname="XYLUNOPC" time="0.024">
  <properties/>
  <testcase name="testFormatAlbumTracksName()" classname="edu.bs.cs.FormatterTest" time="0.005"/>
  <testcase name="testFormatGenres()" classname="edu.bs.cs.FormatterTest" time="0.006"/>
  <testcase name="testFormatTracks()" classname="edu.bs.cs.FormatterTest" time="0.008"/>
  <testcase name="testAlbumID()" classname="edu.bs.cs.FormatterTest" time="0.0"/>
  <testcase name="testArtistID()" classname="edu.bs.cs.FormatterTest" time="0.001"/>
  <testcase name="testArtistName()" classname="edu.bs.cs.FormatterTest" time="0.001"/>
  <testcase name="testAlbumArtistName()" classname="edu.bs.cs.FormatterTest" time="0.0"/>
  <testcase name="testAlbumName()" classname="edu.bs.cs.FormatterTest" time="0.0"/>
  <testcase name="testArtistPopularity()" classname="edu.bs.cs.FormatterTest" time="0.001"/>
  <system-out><![CDATA[]]></system-out>
  <system-err><![CDATA[]]></system-err>
</testsuite>
